app/build/intermediates/manifest_merge_blame_file/debug/manifest-merger-blame-debug-report.txt
1<?xml version="1.0" encoding="utf-8"?>
2<manifest xmlns:android="http://schemas.android.com/apk/res/android"
3    package="com.example.retailgully_packagingapp"
4    android:versionCode="1"
5    android:versionName="1.0" >
6
7    <uses-sdk
8        android:minSdkVersion="16"
8-->src\main\AndroidManifest.xml
9        android:targetSdkVersion="30" />
9-->src\main\AndroidManifest.xml
10
11    <uses-permission android:name="android.permission.INTERNET" />
11-->src\main\AndroidManifest.xml:4:5-67
11-->src\main\AndroidManifest.xml:4:22-64
12    <uses-permission android:name="android.permission.ACCESS_NETWORK_STATE" />
12-->src\main\AndroidManifest.xml:5:5-79
12-->src\main\AndroidManifest.xml:5:22-76
13
14    <application
14-->src\main\AndroidManifest.xml:7:5-36:19
15        android:name="androidx.multidex.MultiDexApplication"
16        android:allowBackup="true"
16-->src\main\AndroidManifest.xml:8:9-35
17        android:appComponentFactory="androidx.core.app.CoreComponentFactory"
17-->[androidx.core:core:1.3.1] AndroidManifest.xml:24:18-86
18        android:debuggable="true"
19        android:icon="@mipmap/ic_launcher"
19-->src\main\AndroidManifest.xml:9:9-43
20        android:label="@string/app_name"
20-->src\main\AndroidManifest.xml:10:9-41
21        android:roundIcon="@mipmap/ic_launcher_round"
21-->src\main\AndroidManifest.xml:11:9-54
22        android:supportsRtl="true"
22-->src\main\AndroidManifest.xml:12:9-35
23        android:theme="@style/AppTheme"
23-->src\main\AndroidManifest.xml:14:9-40
24        android:usesCleartextTraffic="true" >
24-->src\main\AndroidManifest.xml:13:9-44
25        <activity android:name="com.example.retailgully_packagingapp.ui.auth.LoginActivity" />
25-->src\main\AndroidManifest.xml:15:9-68
25-->src\main\AndroidManifest.xml:15:19-56
26        <activity
26-->src\main\AndroidManifest.xml:16:9-21:20
27            android:name="com.example.retailgully_packagingapp.MainActivity"
27-->src\main\AndroidManifest.xml:17:13-41
28            android:label="@string/app_name"
28-->src\main\AndroidManifest.xml:19:13-45
29            android:theme="@style/AppTheme" >
29-->src\main\AndroidManifest.xml:18:13-44
30        </activity>
31        <activity
31-->src\main\AndroidManifest.xml:22:9-31:20
32            android:name="com.example.retailgully_packagingapp.ui.auth.SplashActivity"
32-->src\main\AndroidManifest.xml:23:13-51
33            android:theme="@style/SplashTheme" >
33-->src\main\AndroidManifest.xml:24:13-47
34            <intent-filter>
34-->src\main\AndroidManifest.xml:25:13-29:29
35                <action android:name="android.intent.action.MAIN" />
35-->src\main\AndroidManifest.xml:26:17-69
35-->src\main\AndroidManifest.xml:26:25-66
36
37                <category android:name="android.intent.category.LAUNCHER" />
37-->src\main\AndroidManifest.xml:28:17-77
37-->src\main\AndroidManifest.xml:28:27-74
38            </intent-filter>
39        </activity>
40
41        <meta-data
41-->src\main\AndroidManifest.xml:33:9-35:57
42            android:name="preloaded_fonts"
42-->src\main\AndroidManifest.xml:34:13-43
43            android:resource="@array/preloaded_fonts" />
43-->src\main\AndroidManifest.xml:35:13-54
44
45        <provider
45-->[androidx.lifecycle:lifecycle-process:2.2.0] AndroidManifest.xml:25:9-29:43
46            android:name="androidx.lifecycle.ProcessLifecycleOwnerInitializer"
46-->[androidx.lifecycle:lifecycle-process:2.2.0] AndroidManifest.xml:26:13-79
47            android:authorities="com.example.retailgully_packagingapp.lifecycle-process"
47-->[androidx.lifecycle:lifecycle-process:2.2.0] AndroidManifest.xml:27:13-69
48            android:exported="false"
48-->[androidx.lifecycle:lifecycle-process:2.2.0] AndroidManifest.xml:28:13-37
49            android:multiprocess="true" />
49-->[androidx.lifecycle:lifecycle-process:2.2.0] AndroidManifest.xml:29:13-40
50    </application>
51
52</manifest>